2020-09-29 16:15:27,866 ERROR 找不到元素('xpath', "//input[@name='usercode']")
2020-09-29 16:15:27,872 ERROR 输入错误，loc=('xpath', "//input[@name='usercode']");value=admin
2020-09-29 16:15:57,960 ERROR 找不到元素('xpath', "//input[@name='password']")
2020-09-29 16:15:57,968 ERROR 输入错误，loc=('xpath', "//input[@name='password']");value=yjg123456
2020-09-29 16:16:15,480 ERROR 找不到元素('xpath', "//div[@class='button login']")
2020-09-29 17:11:19,538 ERROR 找不到元素('xpath', "//div[@id='mainFramePanel']//div[@id='mainFramePanelHeader']")
2020-09-29 17:11:19,543 ERROR 获取元素不可见：('xpath', "//div[@id='mainFramePanel']//div[@id='mainFramePanelHeader']")
2020-09-29 17:11:50,056 ERROR 元素不可点击：('xpath', "//div[@id='sellingAreaPanel']//div[contains(@style,'margin-top')]//div[@class='inner-box']")
2020-09-29 17:26:29,328 ERROR 找不到元素('xpath', "//div[@id='mainMenu']//span[contains(@class,'directionIcon')]")
2020-09-29 17:26:59,464 ERROR 找不到元素('xpath', "//div[@id='mainMenu']//div[@class='mainMenuItem']//div[contains(@class,'levelItem')]//label[text()='系统管理']")
2020-09-29 17:27:29,590 ERROR 找不到元素('xpath', "//div[@id='mainMenu']//div[@class='mainMenuItem']//div[contains(@class,'mainMenuLevel3Item')]//label[text()='区域管理']")
2020-09-29 17:28:09,360 ERROR 找不到元素('xpath', "//div[@id='mainMenu']//span[contains(@class,'directionIcon')]")
2020-09-29 17:28:39,502 ERROR 找不到元素('xpath', "//div[@id='mainMenu']//div[@class='mainMenuItem']//div[contains(@class,'levelItem')]//label[text()='系统管理']")
2020-09-29 17:29:09,541 ERROR 找不到元素('xpath', "//div[@id='mainMenu']//div[@class='mainMenuItem']//div[contains(@class,'mainMenuLevel3Item')]//label[text()='区域管理']")
2020-09-29 17:38:55,827 ERROR 找不到元素('xpath', "//div[@id='mainMenu']//span[contains(@class,'directionIcon')]")
2020-09-29 17:39:25,972 ERROR 找不到元素('xpath', "//div[@id='mainMenu']//div[@class='mainMenuItem']//div[contains(@class,'levelItem')]//label[text()='系统管理']")
2020-09-29 17:39:56,085 ERROR 找不到元素('xpath', "//div[@id='mainMenu']//div[@class='mainMenuItem']//div[contains(@class,'mainMenuLevel3Item')]//label[text()='区域管理']")
2020-09-29 17:40:28,523 ERROR 找不到元素('xpath', "//div[@id='mainMenu']//span[contains(@class,'directionIcon')]")
2020-09-29 17:40:58,732 ERROR 找不到元素('xpath', "//div[@id='mainMenu']//div[@class='mainMenuItem']//div[contains(@class,'levelItem')]//label[text()='系统管理']")
2020-09-29 17:43:47,799 ERROR 找不到元素('xpath', "//div[@id='mainMenu']//span[contains(@class,'directionIcon')]")
2020-09-29 17:44:17,860 ERROR 找不到元素('xpath', "//div[@id='mainMenu']//div[@class='mainMenuItem']//div[contains(@class,'levelItem')]//label[text()='系统管理']")
2020-09-29 17:44:47,903 ERROR 找不到元素('xpath', "//div[@id='mainMenu']//div[@class='mainMenuItem']//div[contains(@class,'mainMenuLevel3Item')]//label[text()='区域管理']")
2020-09-29 17:52:56,917 ERROR 找不到元素('xpath', "//span[text()='区域管理']")
2020-09-29 17:53:24,864 ERROR 找不到元素('xpath', "//span[text()='区域管理']")
2020-09-29 17:56:40,613 ERROR 找不到元素('xpath', "//span[text()='区域管理']")
2020-09-29 17:56:43,913 ERROR 找不到元素('xpath', "//span[text()='区域管理']")
2020-09-29 17:58:27,502 ERROR 找不到元素('xpath', "//span[text()='区域管理']")
2020-09-29 17:58:59,724 ERROR 找不到元素('xpath', "//span[.='区域管理']/..")
2020-09-29 18:00:14,454 ERROR 找不到元素('xpath', "//span[text()='区域管理']")
2020-09-29 18:00:16,735 ERROR 找不到元素('xpath', "//span[.='区域管理']/..")
2020-09-29 18:01:21,594 ERROR 找不到元素('xpath', "//span[text()='区域管理']")
2020-09-29 18:02:22,381 ERROR 找不到元素('xpath', "//span[.='区域管理']/..")
2020-09-29 18:03:36,148 ERROR 找不到元素('xpath', "//span[text()='区域管理']")
2020-09-29 18:03:38,418 ERROR 找不到元素('xpath', "//span[text()='区域管理']")
2020-09-29 18:03:41,565 INFO 查看区域分组成功
2020-09-29 18:08:38,995 ERROR 找不到元素('xpath', "//span[text()='区域管理']")
2020-09-29 18:09:50,848 ERROR 找不到元素('xpath', "//span[text()='区域管理']")
2020-09-29 18:10:23,201 INFO 查看区域分组成功
2020-09-29 18:23:00,801 ERROR 找不到元素('xpath', "//div[@class='antd-pro-layouts-styles-header-title']']")
2020-09-29 18:25:41,968 INFO 查看区域分组成功
2020-09-29 18:42:22,047 INFO 查看区域分组成功
2020-09-29 18:43:00,756 ERROR 找不到元素('xpath', "//span[.='区域管理']/..")
2020-09-29 18:47:52,261 INFO 查看区域分组成功
2020-09-29 18:48:30,774 ERROR 找不到元素('xpath', "//span[.='区域管理']/..")
2020-09-29 18:48:48,281 ERROR 未能正确打开页面：http://172.16.6.108/dashboard
2020-09-29 18:48:52,296 ERROR 找不到元素('xpath', "//input[@id='login-form_username']")
2020-09-29 18:48:52,314 ERROR 输入错误，loc=('xpath', "//input[@id='login-form_username']");value=admin
2020-09-29 18:48:56,336 ERROR 找不到元素('xpath', "//input[@id='login-form_password']")
2020-09-29 18:48:56,343 ERROR 输入错误，loc=('xpath', "//input[@id='login-form_password']");value=yjg123456
